<?xml version="1.0" encoding="UTF-8"?>
<testsuite xmlns:xsi="http://www.w3.org/2001/XMLSchema-instance" xsi:noNamespaceSchemaLocation="https://maven.apache.org/surefire/maven-surefire-plugin/xsd/surefire-test-report.xsd" name="com.jt.TestJedisCluster" time="12.392" tests="1" errors="1" skipped="0" failures="0">
  <properties>
    <property name="java.specification.version" value="13"/>
    <property name="sun.cpu.isalist" value="amd64"/>
    <property name="sun.jnu.encoding" value="GBK"/>
    <property name="java.class.path" value="F:\4京淘\jt\jt-manager\target\test-classes;F:\4京淘\jt\jt-manager\target\classes;F:\4京淘\jt\jt-common\target\jt-common-0.0.1-SNAPSHOT.jar;d:\maven\repository\org\springframework\boot\spring-boot-starter-web\2.1.9.RELEASE\spring-boot-starter-web-2.1.9.RELEASE.jar;d:\maven\repository\org\springframework\boot\spring-boot-starter\2.1.9.RELEASE\spring-boot-starter-2.1.9.RELEASE.jar;d:\maven\repository\org\springframework\boot\spring-boot-starter-logging\2.1.9.RELEASE\spring-boot-starter-logging-2.1.9.RELEASE.jar;d:\maven\repository\ch\qos\logback\logback-classic\1.2.3\logback-classic-1.2.3.jar;d:\maven\repository\ch\qos\logback\logback-core\1.2.3\logback-core-1.2.3.jar;d:\maven\repository\org\apache\logging\log4j\log4j-to-slf4j\2.11.2\log4j-to-slf4j-2.11.2.jar;d:\maven\repository\org\apache\logging\log4j\log4j-api\2.11.2\log4j-api-2.11.2.jar;d:\maven\repository\org\slf4j\jul-to-slf4j\1.7.28\jul-to-slf4j-1.7.28.jar;d:\maven\repository\javax\annotation\javax.annotation-api\1.3.2\javax.annotation-api-1.3.2.jar;d:\maven\repository\org\yaml\snakeyaml\1.23\snakeyaml-1.23.jar;d:\maven\repository\org\springframework\boot\spring-boot-starter-json\2.1.9.RELEASE\spring-boot-starter-json-2.1.9.RELEASE.jar;d:\maven\repository\com\fasterxml\jackson\core\jackson-databind\2.9.9.3\jackson-databind-2.9.9.3.jar;d:\maven\repository\com\fasterxml\jackson\core\jackson-annotations\2.9.0\jackson-annotations-2.9.0.jar;d:\maven\repository\com\fasterxml\jackson\core\jackson-core\2.9.9\jackson-core-2.9.9.jar;d:\maven\repository\com\fasterxml\jackson\datatype\jackson-datatype-jdk8\2.9.9\jackson-datatype-jdk8-2.9.9.jar;d:\maven\repository\com\fasterxml\jackson\datatype\jackson-datatype-jsr310\2.9.9\jackson-datatype-jsr310-2.9.9.jar;d:\maven\repository\com\fasterxml\jackson\module\jackson-module-parameter-names\2.9.9\jackson-module-parameter-names-2.9.9.jar;d:\maven\repository\org\springframework\boot\spring-boot-starter-tomcat\2.1.9.RELEASE\spring-boot-starter-tomcat-2.1.9.RELEASE.jar;d:\maven\repository\org\apache\tomcat\embed\tomcat-embed-websocket\9.0.26\tomcat-embed-websocket-9.0.26.jar;d:\maven\repository\org\hibernate\validator\hibernate-validator\6.0.17.Final\hibernate-validator-6.0.17.Final.jar;d:\maven\repository\javax\validation\validation-api\2.0.1.Final\validation-api-2.0.1.Final.jar;d:\maven\repository\org\jboss\logging\jboss-logging\3.3.3.Final\jboss-logging-3.3.3.Final.jar;d:\maven\repository\com\fasterxml\classmate\1.4.0\classmate-1.4.0.jar;d:\maven\repository\org\springframework\spring-web\5.1.10.RELEASE\spring-web-5.1.10.RELEASE.jar;d:\maven\repository\org\springframework\spring-beans\5.1.10.RELEASE\spring-beans-5.1.10.RELEASE.jar;d:\maven\repository\org\springframework\spring-webmvc\5.1.10.RELEASE\spring-webmvc-5.1.10.RELEASE.jar;d:\maven\repository\org\springframework\spring-context\5.1.10.RELEASE\spring-context-5.1.10.RELEASE.jar;d:\maven\repository\org\springframework\spring-expression\5.1.10.RELEASE\spring-expression-5.1.10.RELEASE.jar;d:\maven\repository\org\springframework\boot\spring-boot-starter-aop\2.1.9.RELEASE\spring-boot-starter-aop-2.1.9.RELEASE.jar;d:\maven\repository\org\springframework\spring-aop\5.1.10.RELEASE\spring-aop-5.1.10.RELEASE.jar;d:\maven\repository\org\aspectj\aspectjweaver\1.9.4\aspectjweaver-1.9.4.jar;d:\maven\repository\org\springframework\boot\spring-boot-starter-test\2.1.9.RELEASE\spring-boot-starter-test-2.1.9.RELEASE.jar;d:\maven\repository\org\springframework\boot\spring-boot-test\2.1.9.RELEASE\spring-boot-test-2.1.9.RELEASE.jar;d:\maven\repository\org\springframework\boot\spring-boot-test-autoconfigure\2.1.9.RELEASE\spring-boot-test-autoconfigure-2.1.9.RELEASE.jar;d:\maven\repository\com\jayway\jsonpath\json-path\2.4.0\json-path-2.4.0.jar;d:\maven\repository\net\minidev\json-smart\2.3\json-smart-2.3.jar;d:\maven\repository\net\minidev\accessors-smart\1.2\accessors-smart-1.2.jar;d:\maven\repository\org\ow2\asm\asm\5.0.4\asm-5.0.4.jar;d:\maven\repository\junit\junit\4.12\junit-4.12.jar;d:\maven\repository\org\assertj\assertj-core\3.11.1\assertj-core-3.11.1.jar;d:\maven\repository\org\mockito\mockito-core\2.23.4\mockito-core-2.23.4.jar;d:\maven\repository\net\bytebuddy\byte-buddy\1.9.16\byte-buddy-1.9.16.jar;d:\maven\repository\net\bytebuddy\byte-buddy-agent\1.9.16\byte-buddy-agent-1.9.16.jar;d:\maven\repository\org\objenesis\objenesis\2.6\objenesis-2.6.jar;d:\maven\repository\org\hamcrest\hamcrest-core\1.3\hamcrest-core-1.3.jar;d:\maven\repository\org\hamcrest\hamcrest-library\1.3\hamcrest-library-1.3.jar;d:\maven\repository\org\skyscreamer\jsonassert\1.5.0\jsonassert-1.5.0.jar;d:\maven\repository\com\vaadin\external\google\android-json\0.0.20131108.vaadin1\android-json-0.0.20131108.vaadin1.jar;d:\maven\repository\org\springframework\spring-core\5.1.10.RELEASE\spring-core-5.1.10.RELEASE.jar;d:\maven\repository\org\springframework\spring-jcl\5.1.10.RELEASE\spring-jcl-5.1.10.RELEASE.jar;d:\maven\repository\org\springframework\spring-test\5.1.10.RELEASE\spring-test-5.1.10.RELEASE.jar;d:\maven\repository\org\xmlunit\xmlunit-core\2.6.3\xmlunit-core-2.6.3.jar;d:\maven\repository\javax\xml\bind\jaxb-api\2.3.1\jaxb-api-2.3.1.jar;d:\maven\repository\javax\activation\javax.activation-api\1.2.0\javax.activation-api-1.2.0.jar;d:\maven\repository\org\springframework\boot\spring-boot-configuration-processor\2.1.9.RELEASE\spring-boot-configuration-processor-2.1.9.RELEASE.jar;d:\maven\repository\org\springframework\boot\spring-boot-devtools\2.1.9.RELEASE\spring-boot-devtools-2.1.9.RELEASE.jar;d:\maven\repository\org\springframework\boot\spring-boot\2.1.9.RELEASE\spring-boot-2.1.9.RELEASE.jar;d:\maven\repository\org\springframework\boot\spring-boot-autoconfigure\2.1.9.RELEASE\spring-boot-autoconfigure-2.1.9.RELEASE.jar;d:\maven\repository\org\projectlombok\lombok\1.18.10\lombok-1.18.10.jar;d:\maven\repository\mysql\mysql-connector-java\8.0.17\mysql-connector-java-8.0.17.jar;d:\maven\repository\org\springframework\boot\spring-boot-starter-jdbc\2.1.9.RELEASE\spring-boot-starter-jdbc-2.1.9.RELEASE.jar;d:\maven\repository\com\zaxxer\HikariCP\3.2.0\HikariCP-3.2.0.jar;d:\maven\repository\org\springframework\spring-jdbc\5.1.10.RELEASE\spring-jdbc-5.1.10.RELEASE.jar;d:\maven\repository\com\baomidou\mybatis-plus-boot-starter\3.2.0\mybatis-plus-boot-starter-3.2.0.jar;d:\maven\repository\com\baomidou\mybatis-plus\3.2.0\mybatis-plus-3.2.0.jar;d:\maven\repository\com\baomidou\mybatis-plus-extension\3.2.0\mybatis-plus-extension-3.2.0.jar;d:\maven\repository\com\baomidou\mybatis-plus-core\3.2.0\mybatis-plus-core-3.2.0.jar;d:\maven\repository\com\baomidou\mybatis-plus-annotation\3.2.0\mybatis-plus-annotation-3.2.0.jar;d:\maven\repository\com\github\jsqlparser\jsqlparser\2.1\jsqlparser-2.1.jar;d:\maven\repository\org\mybatis\mybatis\3.5.2\mybatis-3.5.2.jar;d:\maven\repository\org\mybatis\mybatis-spring\2.0.2\mybatis-spring-2.0.2.jar;d:\maven\repository\redis\clients\jedis\2.9.3\jedis-2.9.3.jar;d:\maven\repository\org\slf4j\slf4j-api\1.7.28\slf4j-api-1.7.28.jar;d:\maven\repository\org\apache\commons\commons-pool2\2.6.2\commons-pool2-2.6.2.jar;d:\maven\repository\org\springframework\data\spring-data-redis\2.1.11.RELEASE\spring-data-redis-2.1.11.RELEASE.jar;d:\maven\repository\org\springframework\data\spring-data-keyvalue\2.1.11.RELEASE\spring-data-keyvalue-2.1.11.RELEASE.jar;d:\maven\repository\org\springframework\data\spring-data-commons\2.1.11.RELEASE\spring-data-commons-2.1.11.RELEASE.jar;d:\maven\repository\org\springframework\spring-tx\5.1.10.RELEASE\spring-tx-5.1.10.RELEASE.jar;d:\maven\repository\org\springframework\spring-oxm\5.1.10.RELEASE\spring-oxm-5.1.10.RELEASE.jar;d:\maven\repository\org\springframework\spring-context-support\5.1.10.RELEASE\spring-context-support-5.1.10.RELEASE.jar;d:\maven\repository\javax\servlet\javax.servlet-api\4.0.1\javax.servlet-api-4.0.1.jar;d:\maven\repository\javax\servlet\jstl\1.2\jstl-1.2.jar;d:\maven\repository\org\apache\tomcat\embed\tomcat-embed-jasper\9.0.26\tomcat-embed-jasper-9.0.26.jar;d:\maven\repository\org\apache\tomcat\embed\tomcat-embed-core\9.0.26\tomcat-embed-core-9.0.26.jar;d:\maven\repository\org\apache\tomcat\tomcat-annotations-api\9.0.26\tomcat-annotations-api-9.0.26.jar;d:\maven\repository\org\apache\tomcat\embed\tomcat-embed-el\9.0.26\tomcat-embed-el-9.0.26.jar;d:\maven\repository\org\eclipse\jdt\ecj\3.18.0\ecj-3.18.0.jar;d:\maven\repository\org\apache\httpcomponents\httpclient\4.5.10\httpclient-4.5.10.jar;d:\maven\repository\org\apache\httpcomponents\httpcore\4.4.12\httpcore-4.4.12.jar;d:\maven\repository\commons-codec\commons-codec\1.11\commons-codec-1.11.jar;d:\maven\repository\org\springframework\boot\spring-boot-starter-quartz\2.1.9.RELEASE\spring-boot-starter-quartz-2.1.9.RELEASE.jar;d:\maven\repository\org\quartz-scheduler\quartz\2.3.1\quartz-2.3.1.jar;d:\maven\repository\com\mchange\mchange-commons-java\0.2.15\mchange-commons-java-0.2.15.jar;"/>
    <property name="java.vm.vendor" value="Oracle Corporation"/>
    <property name="sun.arch.data.model" value="64"/>
    <property name="user.variant" value=""/>
    <property name="java.vendor.url" value="https://java.oracle.com/"/>
    <property name="user.timezone" value="Asia/Shanghai"/>
    <property name="os.name" value="Windows 10"/>
    <property name="java.vm.specification.version" value="13"/>
    <property name="sun.java.launcher" value="SUN_STANDARD"/>
    <property name="user.country" value="CN"/>
    <property name="sun.boot.library.path" value="F:\Java\bin"/>
    <property name="sun.java.command" value="C:\Users\11716\AppData\Local\Temp\surefire16418336338805096689\surefirebooter2155558576632759705.jar C:\Users\11716\AppData\Local\Temp\surefire16418336338805096689 2020-05-07T14-41-41_189-jvmRun1 surefire9404471864642740135tmp surefire_010715913335265018572tmp"/>
    <property name="jdk.debug" value="release"/>
    <property name="surefire.test.class.path" value="F:\4京淘\jt\jt-manager\target\test-classes;F:\4京淘\jt\jt-manager\target\classes;F:\4京淘\jt\jt-common\target\jt-common-0.0.1-SNAPSHOT.jar;d:\maven\repository\org\springframework\boot\spring-boot-starter-web\2.1.9.RELEASE\spring-boot-starter-web-2.1.9.RELEASE.jar;d:\maven\repository\org\springframework\boot\spring-boot-starter\2.1.9.RELEASE\spring-boot-starter-2.1.9.RELEASE.jar;d:\maven\repository\org\springframework\boot\spring-boot-starter-logging\2.1.9.RELEASE\spring-boot-starter-logging-2.1.9.RELEASE.jar;d:\maven\repository\ch\qos\logback\logback-classic\1.2.3\logback-classic-1.2.3.jar;d:\maven\repository\ch\qos\logback\logback-core\1.2.3\logback-core-1.2.3.jar;d:\maven\repository\org\apache\logging\log4j\log4j-to-slf4j\2.11.2\log4j-to-slf4j-2.11.2.jar;d:\maven\repository\org\apache\logging\log4j\log4j-api\2.11.2\log4j-api-2.11.2.jar;d:\maven\repository\org\slf4j\jul-to-slf4j\1.7.28\jul-to-slf4j-1.7.28.jar;d:\maven\repository\javax\annotation\javax.annotation-api\1.3.2\javax.annotation-api-1.3.2.jar;d:\maven\repository\org\yaml\snakeyaml\1.23\snakeyaml-1.23.jar;d:\maven\repository\org\springframework\boot\spring-boot-starter-json\2.1.9.RELEASE\spring-boot-starter-json-2.1.9.RELEASE.jar;d:\maven\repository\com\fasterxml\jackson\core\jackson-databind\2.9.9.3\jackson-databind-2.9.9.3.jar;d:\maven\repository\com\fasterxml\jackson\core\jackson-annotations\2.9.0\jackson-annotations-2.9.0.jar;d:\maven\repository\com\fasterxml\jackson\core\jackson-core\2.9.9\jackson-core-2.9.9.jar;d:\maven\repository\com\fasterxml\jackson\datatype\jackson-datatype-jdk8\2.9.9\jackson-datatype-jdk8-2.9.9.jar;d:\maven\repository\com\fasterxml\jackson\datatype\jackson-datatype-jsr310\2.9.9\jackson-datatype-jsr310-2.9.9.jar;d:\maven\repository\com\fasterxml\jackson\module\jackson-module-parameter-names\2.9.9\jackson-module-parameter-names-2.9.9.jar;d:\maven\repository\org\springframework\boot\spring-boot-starter-tomcat\2.1.9.RELEASE\spring-boot-starter-tomcat-2.1.9.RELEASE.jar;d:\maven\repository\org\apache\tomcat\embed\tomcat-embed-websocket\9.0.26\tomcat-embed-websocket-9.0.26.jar;d:\maven\repository\org\hibernate\validator\hibernate-validator\6.0.17.Final\hibernate-validator-6.0.17.Final.jar;d:\maven\repository\javax\validation\validation-api\2.0.1.Final\validation-api-2.0.1.Final.jar;d:\maven\repository\org\jboss\logging\jboss-logging\3.3.3.Final\jboss-logging-3.3.3.Final.jar;d:\maven\repository\com\fasterxml\classmate\1.4.0\classmate-1.4.0.jar;d:\maven\repository\org\springframework\spring-web\5.1.10.RELEASE\spring-web-5.1.10.RELEASE.jar;d:\maven\repository\org\springframework\spring-beans\5.1.10.RELEASE\spring-beans-5.1.10.RELEASE.jar;d:\maven\repository\org\springframework\spring-webmvc\5.1.10.RELEASE\spring-webmvc-5.1.10.RELEASE.jar;d:\maven\repository\org\springframework\spring-context\5.1.10.RELEASE\spring-context-5.1.10.RELEASE.jar;d:\maven\repository\org\springframework\spring-expression\5.1.10.RELEASE\spring-expression-5.1.10.RELEASE.jar;d:\maven\repository\org\springframework\boot\spring-boot-starter-aop\2.1.9.RELEASE\spring-boot-starter-aop-2.1.9.RELEASE.jar;d:\maven\repository\org\springframework\spring-aop\5.1.10.RELEASE\spring-aop-5.1.10.RELEASE.jar;d:\maven\repository\org\aspectj\aspectjweaver\1.9.4\aspectjweaver-1.9.4.jar;d:\maven\repository\org\springframework\boot\spring-boot-starter-test\2.1.9.RELEASE\spring-boot-starter-test-2.1.9.RELEASE.jar;d:\maven\repository\org\springframework\boot\spring-boot-test\2.1.9.RELEASE\spring-boot-test-2.1.9.RELEASE.jar;d:\maven\repository\org\springframework\boot\spring-boot-test-autoconfigure\2.1.9.RELEASE\spring-boot-test-autoconfigure-2.1.9.RELEASE.jar;d:\maven\repository\com\jayway\jsonpath\json-path\2.4.0\json-path-2.4.0.jar;d:\maven\repository\net\minidev\json-smart\2.3\json-smart-2.3.jar;d:\maven\repository\net\minidev\accessors-smart\1.2\accessors-smart-1.2.jar;d:\maven\repository\org\ow2\asm\asm\5.0.4\asm-5.0.4.jar;d:\maven\repository\junit\junit\4.12\junit-4.12.jar;d:\maven\repository\org\assertj\assertj-core\3.11.1\assertj-core-3.11.1.jar;d:\maven\repository\org\mockito\mockito-core\2.23.4\mockito-core-2.23.4.jar;d:\maven\repository\net\bytebuddy\byte-buddy\1.9.16\byte-buddy-1.9.16.jar;d:\maven\repository\net\bytebuddy\byte-buddy-agent\1.9.16\byte-buddy-agent-1.9.16.jar;d:\maven\repository\org\objenesis\objenesis\2.6\objenesis-2.6.jar;d:\maven\repository\org\hamcrest\hamcrest-core\1.3\hamcrest-core-1.3.jar;d:\maven\repository\org\hamcrest\hamcrest-library\1.3\hamcrest-library-1.3.jar;d:\maven\repository\org\skyscreamer\jsonassert\1.5.0\jsonassert-1.5.0.jar;d:\maven\repository\com\vaadin\external\google\android-json\0.0.20131108.vaadin1\android-json-0.0.20131108.vaadin1.jar;d:\maven\repository\org\springframework\spring-core\5.1.10.RELEASE\spring-core-5.1.10.RELEASE.jar;d:\maven\repository\org\springframework\spring-jcl\5.1.10.RELEASE\spring-jcl-5.1.10.RELEASE.jar;d:\maven\repository\org\springframework\spring-test\5.1.10.RELEASE\spring-test-5.1.10.RELEASE.jar;d:\maven\repository\org\xmlunit\xmlunit-core\2.6.3\xmlunit-core-2.6.3.jar;d:\maven\repository\javax\xml\bind\jaxb-api\2.3.1\jaxb-api-2.3.1.jar;d:\maven\repository\javax\activation\javax.activation-api\1.2.0\javax.activation-api-1.2.0.jar;d:\maven\repository\org\springframework\boot\spring-boot-configuration-processor\2.1.9.RELEASE\spring-boot-configuration-processor-2.1.9.RELEASE.jar;d:\maven\repository\org\springframework\boot\spring-boot-devtools\2.1.9.RELEASE\spring-boot-devtools-2.1.9.RELEASE.jar;d:\maven\repository\org\springframework\boot\spring-boot\2.1.9.RELEASE\spring-boot-2.1.9.RELEASE.jar;d:\maven\repository\org\springframework\boot\spring-boot-autoconfigure\2.1.9.RELEASE\spring-boot-autoconfigure-2.1.9.RELEASE.jar;d:\maven\repository\org\projectlombok\lombok\1.18.10\lombok-1.18.10.jar;d:\maven\repository\mysql\mysql-connector-java\8.0.17\mysql-connector-java-8.0.17.jar;d:\maven\repository\org\springframework\boot\spring-boot-starter-jdbc\2.1.9.RELEASE\spring-boot-starter-jdbc-2.1.9.RELEASE.jar;d:\maven\repository\com\zaxxer\HikariCP\3.2.0\HikariCP-3.2.0.jar;d:\maven\repository\org\springframework\spring-jdbc\5.1.10.RELEASE\spring-jdbc-5.1.10.RELEASE.jar;d:\maven\repository\com\baomidou\mybatis-plus-boot-starter\3.2.0\mybatis-plus-boot-starter-3.2.0.jar;d:\maven\repository\com\baomidou\mybatis-plus\3.2.0\mybatis-plus-3.2.0.jar;d:\maven\repository\com\baomidou\mybatis-plus-extension\3.2.0\mybatis-plus-extension-3.2.0.jar;d:\maven\repository\com\baomidou\mybatis-plus-core\3.2.0\mybatis-plus-core-3.2.0.jar;d:\maven\repository\com\baomidou\mybatis-plus-annotation\3.2.0\mybatis-plus-annotation-3.2.0.jar;d:\maven\repository\com\github\jsqlparser\jsqlparser\2.1\jsqlparser-2.1.jar;d:\maven\repository\org\mybatis\mybatis\3.5.2\mybatis-3.5.2.jar;d:\maven\repository\org\mybatis\mybatis-spring\2.0.2\mybatis-spring-2.0.2.jar;d:\maven\repository\redis\clients\jedis\2.9.3\jedis-2.9.3.jar;d:\maven\repository\org\slf4j\slf4j-api\1.7.28\slf4j-api-1.7.28.jar;d:\maven\repository\org\apache\commons\commons-pool2\2.6.2\commons-pool2-2.6.2.jar;d:\maven\repository\org\springframework\data\spring-data-redis\2.1.11.RELEASE\spring-data-redis-2.1.11.RELEASE.jar;d:\maven\repository\org\springframework\data\spring-data-keyvalue\2.1.11.RELEASE\spring-data-keyvalue-2.1.11.RELEASE.jar;d:\maven\repository\org\springframework\data\spring-data-commons\2.1.11.RELEASE\spring-data-commons-2.1.11.RELEASE.jar;d:\maven\repository\org\springframework\spring-tx\5.1.10.RELEASE\spring-tx-5.1.10.RELEASE.jar;d:\maven\repository\org\springframework\spring-oxm\5.1.10.RELEASE\spring-oxm-5.1.10.RELEASE.jar;d:\maven\repository\org\springframework\spring-context-support\5.1.10.RELEASE\spring-context-support-5.1.10.RELEASE.jar;d:\maven\repository\javax\servlet\javax.servlet-api\4.0.1\javax.servlet-api-4.0.1.jar;d:\maven\repository\javax\servlet\jstl\1.2\jstl-1.2.jar;d:\maven\repository\org\apache\tomcat\embed\tomcat-embed-jasper\9.0.26\tomcat-embed-jasper-9.0.26.jar;d:\maven\repository\org\apache\tomcat\embed\tomcat-embed-core\9.0.26\tomcat-embed-core-9.0.26.jar;d:\maven\repository\org\apache\tomcat\tomcat-annotations-api\9.0.26\tomcat-annotations-api-9.0.26.jar;d:\maven\repository\org\apache\tomcat\embed\tomcat-embed-el\9.0.26\tomcat-embed-el-9.0.26.jar;d:\maven\repository\org\eclipse\jdt\ecj\3.18.0\ecj-3.18.0.jar;d:\maven\repository\org\apache\httpcomponents\httpclient\4.5.10\httpclient-4.5.10.jar;d:\maven\repository\org\apache\httpcomponents\httpcore\4.4.12\httpcore-4.4.12.jar;d:\maven\repository\commons-codec\commons-codec\1.11\commons-codec-1.11.jar;d:\maven\repository\org\springframework\boot\spring-boot-starter-quartz\2.1.9.RELEASE\spring-boot-starter-quartz-2.1.9.RELEASE.jar;d:\maven\repository\org\quartz-scheduler\quartz\2.3.1\quartz-2.3.1.jar;d:\maven\repository\com\mchange\mchange-commons-java\0.2.15\mchange-commons-java-0.2.15.jar;"/>
    <property name="sun.cpu.endian" value="little"/>
    <property name="user.home" value="C:\Users\11716"/>
    <property name="user.language" value="zh"/>
    <property name="java.specification.vendor" value="Oracle Corporation"/>
    <property name="java.version.date" value="2019-09-17"/>
    <property name="java.home" value="F:\Java"/>
    <property name="file.separator" value="\"/>
    <property name="style.color" value="always"/>
    <property name="basedir" value="F:\4京淘\jt\jt-manager"/>
    <property name="java.vm.compressedOopsMode" value="32-bit"/>
    <property name="line.separator" value="&#10;"/>
    <property name="java.vm.specification.vendor" value="Oracle Corporation"/>
    <property name="java.specification.name" value="Java Platform API Specification"/>
    <property name="surefire.real.class.path" value="C:\Users\11716\AppData\Local\Temp\surefire16418336338805096689\surefirebooter2155558576632759705.jar"/>
    <property name="user.script" value=""/>
    <property name="sun.management.compiler" value="HotSpot 64-Bit Tiered Compilers"/>
    <property name="java.runtime.version" value="13+33"/>
    <property name="user.name" value="11716"/>
    <property name="path.separator" value=";"/>
    <property name="os.version" value="10.0"/>
    <property name="java.runtime.name" value="Java(TM) SE Runtime Environment"/>
    <property name="file.encoding" value="GBK"/>
    <property name="java.vm.name" value="Java HotSpot(TM) 64-Bit Server VM"/>
    <property name="localRepository" value="d:\maven\repository"/>
    <property name="java.vendor.url.bug" value="https://bugreport.java.com/bugreport/"/>
    <property name="java.io.tmpdir" value="C:\Users\11716\AppData\Local\Temp\"/>
    <property name="java.version" value="13"/>
    <property name="user.dir" value="F:\4京淘\jt\jt-manager"/>
    <property name="os.arch" value="amd64"/>
    <property name="java.vm.specification.name" value="Java Virtual Machine Specification"/>
    <property name="sun.os.patch.level" value=""/>
    <property name="java.library.path" value="F:\Java\bin;C:\WINDOWS\Sun\Java\bin;C:\WINDOWS\system32;C:\WINDOWS;F:/Java/bin/server;F:/Java/bin;C:\WINDOWS\system32;C:\WINDOWS;C:\WINDOWS\System32\Wbem;C:\WINDOWS\System32\WindowsPowerShell\v1.0\;C:\WINDOWS\System32\OpenSSH\;F:\anacondas\Scripts;C:\Program Files\Common Files\Intel\WirelessCommon\;C:\Program Files (x86)\ActiveState Komodo IDE 10\;C:\Program Files (x86)\Intel\iCLS Client\;C:\Program Files\Intel\iCLS Client\;C:\Program Files (x86)\Intel\Intel(R) Management Engine Components\DAL;C:\Program Files\Intel\Intel(R) Management Engine Components\DAL;C:\Program Files (x86)\Intel\Intel(R) Management Engine Components\IPT;C:\Program Files\Intel\Intel(R) Management Engine Components\IPT;C:\Program Files (x86)\PxMEWNET;F:\Java\bin;C:\Program Files\Intel\WiFi\bin\;C:\Program Files\Common Files\Intel\WirelessCommon\;C:\Program Files\NVIDIA Corporation\NVIDIA NvDLISR;D:\mysql\bin;F:\anacondas;F:\anacondas\Library\mingw-w64\bin;F:\anacondas\Library\usr\bin;F:\anacondas\Library\bin;F:\anacondas\Scripts;C:\Users\11716\AppData\Local\Microsoft\WindowsApps;F:\PyCharm 2019.1.3\bin;;;F:\spring tool\sts-4.6.0.RELEASE;;."/>
    <property name="java.vm.info" value="mixed mode, sharing"/>
    <property name="java.vendor" value="Oracle Corporation"/>
    <property name="java.vm.version" value="13+33"/>
    <property name="sun.io.unicode.encoding" value="UnicodeLittle"/>
    <property name="java.class.version" value="57.0"/>
  </properties>
  <testcase name="testJedisCluster" classname="com.jt.TestJedisCluster" time="12.241">
    <error message="No reachable node in cluster" type="redis.clients.jedis.exceptions.JedisNoReachableClusterNodeException">redis.clients.jedis.exceptions.JedisNoReachableClusterNodeException: No reachable node in cluster
	at com.jt.TestJedisCluster.testJedisCluster(TestJedisCluster.java:22)
</error>
  </testcase>
</testsuite>